[06-Dec-2022 07:49:03] NOTICE: fpm is running, pid 24494
[06-Dec-2022 07:49:03] NOTICE: ready to handle connections
[09-Dec-2022 10:55:04] NOTICE: Terminating ...
[09-Dec-2022 10:55:04] NOTICE: Terminating ...
[09-Dec-2022 10:55:04] NOTICE: exiting, bye-bye!
[09-Dec-2022 13:44:32] NOTICE: fpm is running, pid 4939
[09-Dec-2022 13:44:32] NOTICE: ready to handle connections
[12-Dec-2022 13:26:46] NOTICE: Terminating ...
[12-Dec-2022 13:26:46] NOTICE: Terminating ...
[12-Dec-2022 13:26:46] NOTICE: exiting, bye-bye!
[12-Dec-2022 13:26:54] NOTICE: fpm is running, pid 2219
[12-Dec-2022 13:26:54] NOTICE: ready to handle connections
[13-Dec-2022 14:13:27] NOTICE: Terminating ...
[13-Dec-2022 14:13:27] NOTICE: Terminating ...
[13-Dec-2022 14:13:27] NOTICE: exiting, bye-bye!
[21-Dec-2022 18:12:59] NOTICE: fpm is running, pid 34045
[21-Dec-2022 18:12:59] NOTICE: ready to handle connections
[21-Dec-2022 18:30:58] NOTICE: Terminating ...
[21-Dec-2022 18:30:58] NOTICE: Terminating ...
[21-Dec-2022 18:30:58] NOTICE: exiting, bye-bye!
[28-Dec-2022 17:26:42] NOTICE: fpm is running, pid 53904
[28-Dec-2022 17:26:42] NOTICE: ready to handle connections
[29-Dec-2022 05:43:53] NOTICE: Terminating ...
[29-Dec-2022 05:43:53] NOTICE: Terminating ...
[29-Dec-2022 05:43:54] NOTICE: exiting, bye-bye!
[29-Dec-2022 05:59:05] NOTICE: fpm is running, pid 65977
[29-Dec-2022 05:59:05] NOTICE: ready to handle connections
[29-Dec-2022 08:05:38] NOTICE: Terminating ...
[29-Dec-2022 08:05:38] NOTICE: Terminating ...
[29-Dec-2022 08:05:38] NOTICE: exiting, bye-bye!
[29-Dec-2022 08:34:01] NOTICE: fpm is running, pid 69945
[29-Dec-2022 08:34:01] NOTICE: ready to handle connections
[29-Dec-2022 11:23:28] NOTICE: Terminating ...
[29-Dec-2022 11:23:29] NOTICE: Terminating ...
[29-Dec-2022 11:23:29] NOTICE: exiting, bye-bye!
[29-Dec-2022 11:24:25] NOTICE: fpm is running, pid 74244
[29-Dec-2022 11:24:25] NOTICE: ready to handle connections
[29-Dec-2022 11:50:35] NOTICE: Terminating ...
[29-Dec-2022 11:50:35] NOTICE: Terminating ...
[29-Dec-2022 11:50:35] NOTICE: exiting, bye-bye!
[30-Dec-2022 08:16:32] NOTICE: fpm is running, pid 78949
[30-Dec-2022 08:16:32] NOTICE: ready to handle connections
[30-Dec-2022 16:53:10] NOTICE: Terminating ...
[30-Dec-2022 16:53:10] NOTICE: Terminating ...
[30-Dec-2022 16:53:10] NOTICE: exiting, bye-bye!
[31-Dec-2022 05:44:18] NOTICE: fpm is running, pid 3013
[31-Dec-2022 05:44:18] NOTICE: ready to handle connections
[31-Dec-2022 14:30:11] NOTICE: Terminating ...
[31-Dec-2022 14:30:11] NOTICE: Terminating ...
[31-Dec-2022 14:30:11] NOTICE: exiting, bye-bye!
[01-Jan-2023 05:14:25] NOTICE: fpm is running, pid 25931
[01-Jan-2023 05:14:25] NOTICE: ready to handle connections
[02-Jan-2023 15:26:37] NOTICE: Terminating ...
[02-Jan-2023 15:26:37] NOTICE: Terminating ...
[02-Jan-2023 15:26:37] NOTICE: exiting, bye-bye!
[03-Jan-2023 03:13:04] NOTICE: fpm is running, pid 50001
[03-Jan-2023 03:13:04] NOTICE: ready to handle connections
[05-Jan-2023 13:07:26] NOTICE: Terminating ...
[05-Jan-2023 13:07:26] NOTICE: Terminating ...
[05-Jan-2023 13:07:27] NOTICE: exiting, bye-bye!
[05-Jan-2023 18:08:02] NOTICE: fpm is running, pid 7549
[05-Jan-2023 18:08:02] NOTICE: ready to handle connections
[06-Jan-2023 14:52:55] NOTICE: Terminating ...
[06-Jan-2023 14:52:55] NOTICE: Terminating ...
[06-Jan-2023 14:52:55] NOTICE: exiting, bye-bye!
[07-Jan-2023 07:18:49] NOTICE: fpm is running, pid 9987
[07-Jan-2023 07:18:49] NOTICE: ready to handle connections
[07-Jan-2023 07:19:28] NOTICE: Terminating ...
[07-Jan-2023 07:19:28] NOTICE: Terminating ...
[07-Jan-2023 07:19:28] NOTICE: exiting, bye-bye!
[07-Jan-2023 07:24:30] NOTICE: fpm is running, pid 10154
[07-Jan-2023 07:24:30] NOTICE: ready to handle connections
[07-Jan-2023 18:05:26] NOTICE: Terminating ...
[07-Jan-2023 18:05:26] NOTICE: Terminating ...
[07-Jan-2023 18:05:26] NOTICE: exiting, bye-bye!
[09-Jan-2023 05:43:12] NOTICE: fpm is running, pid 23458
[09-Jan-2023 05:43:12] NOTICE: ready to handle connections
[10-Jan-2023 06:31:28] NOTICE: Terminating ...
[10-Jan-2023 06:31:28] NOTICE: Terminating ...
[10-Jan-2023 06:31:28] NOTICE: exiting, bye-bye!
[10-Jan-2023 14:54:37] NOTICE: fpm is running, pid 8106
[10-Jan-2023 14:54:37] NOTICE: ready to handle connections
[10-Jan-2023 17:08:07] NOTICE: Terminating ...
[10-Jan-2023 17:08:07] NOTICE: Terminating ...
[10-Jan-2023 17:08:07] NOTICE: exiting, bye-bye!
